# JRE version: Java(TM) SE Runtime Environment (8.0_73-b02) (build 1.8.0_73-b02)
# Java VM: Java HotSpot(TM) 64-Bit Server VM (25.73-b02 mixed mode windows-amd64 compressed oops)
Heap:
 PSYoungGen      total 345088K, used 258128K [0x000000076b980000, 0x0000000781980000, 0x00000007c0000000)
  eden space 330752K, 78% used [0x000000076b980000,0x000000077b5940e8,0x000000077fc80000)
  from space 14336K, 0% used [0x0000000780b80000,0x0000000780b80000,0x0000000781980000)
  to   space 14848K, 0% used [0x000000077fc80000,0x000000077fc80000,0x0000000780b00000)
 ParOldGen       total 168960K, used 16767K [0x00000006c2c00000, 0x00000006cd100000, 0x000000076b980000)
  object space 168960K, 9% used [0x00000006c2c00000,0x00000006c3c5fcc0,0x00000006cd100000)
 Metaspace       used 48005K, capacity 50852K, committed 51112K, reserved 1093632K
  class space    used 6374K, capacity 6956K, committed 7080K, reserved 1048576K
GC Heap History (10 events):
Event: 1585.192 GC heap before
{Heap before GC invocations=18 (full 6):
 PSYoungGen      total 346624K, used 3613K [0x000000076b980000, 0x0000000781b80000, 0x00000007c0000000)
  eden space 330752K, 0% used [0x000000076b980000,0x000000076b980000,0x000000077fc80000)
  from space 15872K, 22% used [0x0000000780c00000,0x0000000780f87470,0x0000000781b80000)
  to   space 15872K, 0% used [0x000000077fc80000,0x000000077fc80000,0x0000000780c00000)
 ParOldGen       total 168960K, used 15324K [0x00000006c2c00000, 0x00000006cd100000, 0x000000076b980000)
  object space 168960K, 9% used [0x00000006c2c00000,0x00000006c3af71b8,0x00000006cd100000)
 Metaspace       used 47462K, capacity 50116K, committed 50344K, reserved 1093632K
  class space    used 6316K, capacity 6817K, committed 6824K, reserved 1048576K
Event: 1585.272 GC heap after
Heap after GC invocations=18 (full 6):
 PSYoungGen      total 346624K, used 0K [0x000000076b980000, 0x0000000781b80000, 0x00000007c0000000)
  eden space 330752K, 0% used [0x000000076b980000,0x000000076b980000,0x000000077fc80000)
  from space 15872K, 0% used [0x0000000780c00000,0x0000000780c00000,0x0000000781b80000)
  to   space 15872K, 0% used [0x000000077fc80000,0x000000077fc80000,0x0000000780c00000)
 ParOldGen       total 168960K, used 16538K [0x00000006c2c00000, 0x00000006cd100000, 0x000000076b980000)
  object space 168960K, 9% used [0x00000006c2c00000,0x00000006c3c268c0,0x00000006cd100000)
 Metaspace       used 47455K, capacity 50104K, committed 50344K, reserved 1093632K
  class space    used 6315K, capacity 6814K, committed 6824K, reserved 1048576K
}
Event: 1589.356 GC heap before
{Heap before GC invocations=19 (full 6):
 PSYoungGen      total 346624K, used 236629K [0x000000076b980000, 0x0000000781b80000, 0x00000007c0000000)
  eden space 330752K, 71% used [0x000000076b980000,0x000000077a0956c0,0x000000077fc80000)
  from space 15872K, 0% used [0x0000000780c00000,0x0000000780c00000,0x0000000781b80000)
  to   space 15872K, 0% used [0x000000077fc80000,0x000000077fc80000,0x0000000780c00000)
 ParOldGen       total 168960K, used 16538K [0x00000006c2c00000, 0x00000006cd100000, 0x000000076b980000)
  object space 168960K, 9% used [0x00000006c2c00000,0x00000006c3c268c0,0x00000006cd100000)
 Metaspace       used 47657K, capacity 50300K, committed 50472K, reserved 1093632K
  class space    used 6332K, capacity 6857K, committed 6952K, reserved 1048576K
Event: 1589.359 GC heap after
Heap after GC invocations=19 (full 6):
 PSYoungGen      total 334336K, used 3565K [0x000000076b980000, 0x0000000781a80000, 0x00000007c0000000)
  eden space 330752K, 0% used [0x000000076b980000,0x000000076b980000,0x000000077fc80000)
  from space 3584K, 99% used [0x000000077fc80000,0x000000077fffb7a0,0x0000000780000000)
  to   space 15360K, 0% used [0x0000000780b80000,0x0000000780b80000,0x0000000781a80000)
 ParOldGen       total 168960K, used 16546K [0x00000006c2c00000, 0x00000006cd100000, 0x000000076b980000)
  object space 168960K, 9% used [0x00000006c2c00000,0x00000006c3c288c0,0x00000006cd100000)
 Metaspace       used 47657K, capacity 50300K, committed 50472K, reserved 1093632K
  class space    used 6332K, capacity 6857K, committed 6952K, reserved 1048576K
}
Event: 1589.359 GC heap before
{Heap before GC invocations=20 (full 7):
 PSYoungGen      total 334336K, used 3565K [0x000000076b980000, 0x0000000781a80000, 0x00000007c0000000)
  eden space 330752K, 0% used [0x000000076b980000,0x000000076b980000,0x000000077fc80000)
  from space 3584K, 99% used [0x000000077fc80000,0x000000077fffb7a0,0x0000000780000000)
  to   space 15360K, 0% used [0x0000000780b80000,0x0000000780b80000,0x0000000781a80000)
 ParOldGen       total 168960K, used 16546K [0x00000006c2c00000, 0x00000006cd100000, 0x000000076b980000)
  object space 168960K, 9% used [0x00000006c2c00000,0x00000006c3c288c0,0x00000006cd100000)
 Metaspace       used 47657K, capacity 50300K, committed 50472K, reserved 1093632K
  class space    used 6332K, capacity 6857K, committed 6952K, reserved 1048576K
Event: 1589.393 GC heap after
Heap after GC invocations=20 (full 7):
 PSYoungGen      total 334336K, used 0K [0x000000076b980000, 0x0000000781a80000, 0x00000007c0000000)
  eden space 330752K, 0% used [0x000000076b980000,0x000000076b980000,0x000000077fc80000)
  from space 3584K, 0% used [0x000000077fc80000,0x000000077fc80000,0x0000000780000000)
  to   space 15360K, 0% used [0x0000000780b80000,0x0000000780b80000,0x0000000781a80000)
 ParOldGen       total 168960K, used 16645K [0x00000006c2c00000, 0x00000006cd100000, 0x000000076b980000)
  object space 168960K, 9% used [0x00000006c2c00000,0x00000006c3c415a0,0x00000006cd100000)
 Metaspace       used 47650K, capacity 50288K, committed 50472K, reserved 1093632K
  class space    used 6331K, capacity 6854K, committed 6952K, reserved 1048576K
}
Event: 1596.562 GC heap before
{Heap before GC invocations=21 (full 7):
 PSYoungGen      total 334336K, used 248316K [0x000000076b980000, 0x0000000781a80000, 0x00000007c0000000)
  eden space 330752K, 75% used [0x000000076b980000,0x000000077abff220,0x000000077fc80000)
  from space 3584K, 0% used [0x000000077fc80000,0x000000077fc80000,0x0000000780000000)
  to   space 15360K, 0% used [0x0000000780b80000,0x0000000780b80000,0x0000000781a80000)
 ParOldGen       total 168960K, used 16645K [0x00000006c2c00000, 0x00000006cd100000, 0x000000076b980000)
  object space 168960K, 9% used [0x00000006c2c00000,0x00000006c3c415a0,0x00000006cd100000)
 Metaspace       used 47870K, capacity 50638K, committed 50728K, reserved 1093632K
  class space    used 6357K, capacity 6912K, committed 6952K, reserved 1048576K
Event: 1596.564 GC heap after
Heap after GC invocations=21 (full 7):
 PSYoungGen      total 345088K, used 3485K [0x000000076b980000, 0x0000000781980000, 0x00000007c0000000)
  eden space 330752K, 0% used [0x000000076b980000,0x000000076b980000,0x000000077fc80000)
  from space 14336K, 24% used [0x0000000780b80000,0x0000000780ee7470,0x0000000781980000)
  to   space 14848K, 0% used [0x000000077fc80000,0x000000077fc80000,0x0000000780b00000)
 ParOldGen       total 168960K, used 16653K [0x00000006c2c00000, 0x00000006cd100000, 0x000000076b980000)
  object space 168960K, 9% used [0x00000006c2c00000,0x00000006c3c435a0,0x00000006cd100000)
 Metaspace       used 47870K, capacity 50638K, committed 50728K, reserved 1093632K
  class space    used 6357K, capacity 6912K, committed 6952K, reserved 1048576K
}
Event: 1596.564 GC heap before
{Heap before GC invocations=22 (full 8):
 PSYoungGen      total 345088K, used 3485K [0x000000076b980000, 0x0000000781980000, 0x00000007c0000000)
  eden space 330752K, 0% used [0x000000076b980000,0x000000076b980000,0x000000077fc80000)
  from space 14336K, 24% used [0x0000000780b80000,0x0000000780ee7470,0x0000000781980000)
  to   space 14848K, 0% used [0x000000077fc80000,0x000000077fc80000,0x0000000780b00000)
 ParOldGen       total 168960K, used 16653K [0x00000006c2c00000, 0x00000006cd100000, 0x000000076b980000)
  object space 168960K, 9% used [0x00000006c2c00000,0x00000006c3c435a0,0x00000006cd100000)
 Metaspace       used 47870K, capacity 50638K, committed 50728K, reserved 1093632K
  class space    used 6357K, capacity 6912K, committed 6952K, reserved 1048576K
Event: 1596.647 GC heap after
Heap after GC invocations=22 (full 8):
 PSYoungGen      total 345088K, used 0K [0x000000076b980000, 0x0000000781980000, 0x00000007c0000000)
  eden space 330752K, 0% used [0x000000076b980000,0x000000076b980000,0x000000077fc80000)
  from space 14336K, 0% used [0x0000000780b80000,0x0000000780b80000,0x0000000781980000)
  to   space 14848K, 0% used [0x000000077fc80000,0x000000077fc80000,0x0000000780b00000)
 ParOldGen       total 168960K, used 16767K [0x00000006c2c00000, 0x00000006cd100000, 0x000000076b980000)
  object space 168960K, 9% used [0x00000006c2c00000,0x00000006c3c5fcc0,0x00000006cd100000)
 Metaspace       used 47864K, capacity 50626K, committed 50728K, reserved 1093632K
  class space    used 6356K, capacity 6909K, committed 6952K, reserved 1048576K
}

