# JRE version: Java(TM) SE Runtime Environment (8.0_73-b02) (build 1.8.0_73-b02)
# Java VM: Java HotSpot(TM) 64-Bit Server VM (25.73-b02 mixed mode windows-amd64 compressed oops)
Heap:
 PSYoungGen      total 382464K, used 340539K [0x000000076b980000, 0x0000000788b00000, 0x00000007c0000000)
  eden space 378368K, 90% used [0x000000076b980000,0x000000078060ef68,0x0000000782b00000)
  from space 4096K, 0% used [0x0000000786b80000,0x0000000786b80000,0x0000000786f80000)
  to   space 17920K, 0% used [0x0000000787980000,0x0000000787980000,0x0000000788b00000)
 ParOldGen       total 118272K, used 17602K [0x00000006c2c00000, 0x00000006c9f80000, 0x000000076b980000)
  object space 118272K, 14% used [0x00000006c2c00000,0x00000006c3d30aa8,0x00000006c9f80000)
 Metaspace       used 54931K, capacity 57706K, committed 58024K, reserved 1099776K
  class space    used 7458K, capacity 7997K, committed 8104K, reserved 1048576K
GC Heap History (10 events):
Event: 335.996 GC heap before
{Heap before GC invocations=12 (full 3):
 PSYoungGen      total 385536K, used 7123K [0x000000076b980000, 0x0000000789b80000, 0x00000007c0000000)
  eden space 378368K, 0% used [0x000000076b980000,0x000000076b980000,0x0000000782b00000)
  from space 7168K, 99% used [0x0000000788380000,0x0000000788a74cd0,0x0000000788a80000)
  to   space 17408K, 0% used [0x0000000788a80000,0x0000000788a80000,0x0000000789b80000)
 ParOldGen       total 118272K, used 25738K [0x00000006c2c00000, 0x00000006c9f80000, 0x000000076b980000)
  object space 118272K, 21% used [0x00000006c2c00000,0x00000006c4522b08,0x00000006c9f80000)
 Metaspace       used 53939K, capacity 56332K, committed 56488K, reserved 1097728K
  class space    used 7310K, capacity 7752K, committed 7848K, reserved 1048576K
Event: 336.094 GC heap after
Heap after GC invocations=12 (full 3):
 PSYoungGen      total 385536K, used 0K [0x000000076b980000, 0x0000000789b80000, 0x00000007c0000000)
  eden space 378368K, 0% used [0x000000076b980000,0x000000076b980000,0x0000000782b00000)
  from space 7168K, 0% used [0x0000000788380000,0x0000000788380000,0x0000000788a80000)
  to   space 17408K, 0% used [0x0000000788a80000,0x0000000788a80000,0x0000000789b80000)
 ParOldGen       total 118272K, used 16171K [0x00000006c2c00000, 0x00000006c9f80000, 0x000000076b980000)
  object space 118272K, 13% used [0x00000006c2c00000,0x00000006c3bcaf40,0x00000006c9f80000)
 Metaspace       used 53926K, capacity 56302K, committed 56488K, reserved 1097728K
  class space    used 7307K, capacity 7747K, committed 7848K, reserved 1048576K
}
Event: 582.717 GC heap before
{Heap before GC invocations=13 (full 3):
 PSYoungGen      total 385536K, used 341732K [0x000000076b980000, 0x0000000789b80000, 0x00000007c0000000)
  eden space 378368K, 90% used [0x000000076b980000,0x0000000780739148,0x0000000782b00000)
  from space 7168K, 0% used [0x0000000788380000,0x0000000788380000,0x0000000788a80000)
  to   space 17408K, 0% used [0x0000000788a80000,0x0000000788a80000,0x0000000789b80000)
 ParOldGen       total 118272K, used 16171K [0x00000006c2c00000, 0x00000006c9f80000, 0x000000076b980000)
  object space 118272K, 13% used [0x00000006c2c00000,0x00000006c3bcaf40,0x00000006c9f80000)
 Metaspace       used 54279K, capacity 56790K, committed 57000K, reserved 1097728K
  class space    used 7367K, capacity 7844K, committed 7848K, reserved 1048576K
Event: 582.720 GC heap after
Heap after GC invocations=13 (full 3):
 PSYoungGen      total 382464K, used 3949K [0x000000076b980000, 0x0000000788e80000, 0x00000007c0000000)
  eden space 378368K, 0% used [0x000000076b980000,0x000000076b980000,0x0000000782b00000)
  from space 4096K, 96% used [0x0000000788a80000,0x0000000788e5b7c0,0x0000000788e80000)
  to   space 17920K, 0% used [0x0000000786b80000,0x0000000786b80000,0x0000000787d00000)
 ParOldGen       total 118272K, used 16179K [0x00000006c2c00000, 0x00000006c9f80000, 0x000000076b980000)
  object space 118272K, 13% used [0x00000006c2c00000,0x00000006c3bccf40,0x00000006c9f80000)
 Metaspace       used 54279K, capacity 56790K, committed 57000K, reserved 1097728K
  class space    used 7367K, capacity 7844K, committed 7848K, reserved 1048576K
}
Event: 582.720 GC heap before
{Heap before GC invocations=14 (full 4):
 PSYoungGen      total 382464K, used 3949K [0x000000076b980000, 0x0000000788e80000, 0x00000007c0000000)
  eden space 378368K, 0% used [0x000000076b980000,0x000000076b980000,0x0000000782b00000)
  from space 4096K, 96% used [0x0000000788a80000,0x0000000788e5b7c0,0x0000000788e80000)
  to   space 17920K, 0% used [0x0000000786b80000,0x0000000786b80000,0x0000000787d00000)
 ParOldGen       total 118272K, used 16179K [0x00000006c2c00000, 0x00000006c9f80000, 0x000000076b980000)
  object space 118272K, 13% used [0x00000006c2c00000,0x00000006c3bccf40,0x00000006c9f80000)
 Metaspace       used 54279K, capacity 56790K, committed 57000K, reserved 1097728K
  class space    used 7367K, capacity 7844K, committed 7848K, reserved 1048576K
Event: 582.812 GC heap after
Heap after GC invocations=14 (full 4):
 PSYoungGen      total 382464K, used 0K [0x000000076b980000, 0x0000000788e80000, 0x00000007c0000000)
  eden space 378368K, 0% used [0x000000076b980000,0x000000076b980000,0x0000000782b00000)
  from space 4096K, 0% used [0x0000000788a80000,0x0000000788a80000,0x0000000788e80000)
  to   space 17920K, 0% used [0x0000000786b80000,0x0000000786b80000,0x0000000787d00000)
 ParOldGen       total 118272K, used 17387K [0x00000006c2c00000, 0x00000006c9f80000, 0x000000076b980000)
  object space 118272K, 14% used [0x00000006c2c00000,0x00000006c3cfaf98,0x00000006c9f80000)
 Metaspace       used 54273K, capacity 56778K, committed 57000K, reserved 1097728K
  class space    used 7366K, capacity 7841K, committed 7848K, reserved 1048576K
}
Event: 813.160 GC heap before
{Heap before GC invocations=15 (full 4):
 PSYoungGen      total 382464K, used 351261K [0x000000076b980000, 0x0000000788e80000, 0x00000007c0000000)
  eden space 378368K, 92% used [0x000000076b980000,0x0000000781087548,0x0000000782b00000)
  from space 4096K, 0% used [0x0000000788a80000,0x0000000788a80000,0x0000000788e80000)
  to   space 17920K, 0% used [0x0000000786b80000,0x0000000786b80000,0x0000000787d00000)
 ParOldGen       total 118272K, used 17387K [0x00000006c2c00000, 0x00000006c9f80000, 0x000000076b980000)
  object space 118272K, 14% used [0x00000006c2c00000,0x00000006c3cfaf98,0x00000006c9f80000)
 Metaspace       used 54597K, capacity 57278K, committed 57384K, reserved 1099776K
  class space    used 7419K, capacity 7928K, committed 7976K, reserved 1048576K
Event: 813.164 GC heap after
Heap after GC invocations=15 (full 4):
 PSYoungGen      total 382464K, used 3839K [0x000000076b980000, 0x0000000788b00000, 0x00000007c0000000)
  eden space 378368K, 0% used [0x000000076b980000,0x000000076b980000,0x0000000782b00000)
  from space 4096K, 93% used [0x0000000786b80000,0x0000000786f3fec8,0x0000000786f80000)
  to   space 17920K, 0% used [0x0000000787980000,0x0000000787980000,0x0000000788b00000)
 ParOldGen       total 118272K, used 17395K [0x00000006c2c00000, 0x00000006c9f80000, 0x000000076b980000)
  object space 118272K, 14% used [0x00000006c2c00000,0x00000006c3cfcf98,0x00000006c9f80000)
 Metaspace       used 54597K, capacity 57278K, committed 57384K, reserved 1099776K
  class space    used 7419K, capacity 7928K, committed 7976K, reserved 1048576K
}
Event: 813.164 GC heap before
{Heap before GC invocations=16 (full 5):
 PSYoungGen      total 382464K, used 3839K [0x000000076b980000, 0x0000000788b00000, 0x00000007c0000000)
  eden space 378368K, 0% used [0x000000076b980000,0x000000076b980000,0x0000000782b00000)
  from space 4096K, 93% used [0x0000000786b80000,0x0000000786f3fec8,0x0000000786f80000)
  to   space 17920K, 0% used [0x0000000787980000,0x0000000787980000,0x0000000788b00000)
 ParOldGen       total 118272K, used 17395K [0x00000006c2c00000, 0x00000006c9f80000, 0x000000076b980000)
  object space 118272K, 14% used [0x00000006c2c00000,0x00000006c3cfcf98,0x00000006c9f80000)
 Metaspace       used 54597K, capacity 57278K, committed 57384K, reserved 1099776K
  class space    used 7419K, capacity 7928K, committed 7976K, reserved 1048576K
Event: 813.260 GC heap after
Heap after GC invocations=16 (full 5):
 PSYoungGen      total 382464K, used 0K [0x000000076b980000, 0x0000000788b00000, 0x00000007c0000000)
  eden space 378368K, 0% used [0x000000076b980000,0x000000076b980000,0x0000000782b00000)
  from space 4096K, 0% used [0x0000000786b80000,0x0000000786b80000,0x0000000786f80000)
  to   space 17920K, 0% used [0x0000000787980000,0x0000000787980000,0x0000000788b00000)
 ParOldGen       total 118272K, used 17602K [0x00000006c2c00000, 0x00000006c9f80000, 0x000000076b980000)
  object space 118272K, 14% used [0x00000006c2c00000,0x00000006c3d30aa8,0x00000006c9f80000)
 Metaspace       used 54591K, capacity 57266K, committed 57384K, reserved 1099776K
  class space    used 7418K, capacity 7925K, committed 7976K, reserved 1048576K
}

